[     240ms] [ERROR] Failed to load resource: the server responded with a status of 401 (Unauthorized) @ http://localhost:5173/api/hr/dormitory/lodging-overview?year=2026&month=4&tj_date=2026-4&page=1&pageSize=20:0
[ 1237397ms] [WARNING] Property "remoteSearchStaff" was accessed during render but is not defined on instance. Proxy(Object) at <ElFormItem>
at <ElForm>
at <BaseTransition>
at <Transition>
at <ElCollapseTransition>
at <ElTabPane>
at <ElTabs>
at <ElCard>
at <Index>
at <RouterView>
at <ElMain>
at <ElContainer>
at <ElContainer>
at <ErpLayout>
at <RouterView>
at <App> [Object, Object, Object, Object, Object, Object, Object, Object, Object, Object, Object, Object, Object, Object, Object, Object] @ http://localhost:5173/node_modules/.vite/deps/element-plus.js?v=4e630648:24297
[ 1237398ms] [WARNING] Property "staffLoading" was accessed during render but is not defined on instance. Proxy(Object) at <ElFormItem>
at <ElForm>
at <BaseTransition>
at <Transition>
at <ElCollapseTransition>
at <ElTabPane>
at <ElTabs>
at <ElCard>
at <Index>
at <RouterView>
at <ElMain>
at <ElContainer>
at <ElContainer>
at <ErpLayout>
at <RouterView>
at <App> [Object, Object, Object, Object, Object, Object, Object, Object, Object, Object, Object, Object, Object, Object, Object, Object] @ http://localhost:5173/node_modules/.vite/deps/element-plus.js?v=4e630648:24297
[ 1237413ms] [WARNING] Property "staffOptions" was accessed during render but is not defined on instance. Proxy(Object) at <ElOptions>
at <ElScrollbar>
at <ElSelectDropdown>
at <ElFocusTrap>
at <ElPopperContent>
at <BaseTransition>
at <Transition>
at <Teleport>
at <ElTooltipContent>
at <ElPopper>
at <ElTooltip>
at <ElSelect>
at <ElFormItem>
at <ElForm>
at <BaseTransition>
at <Transition>
at <ElCollapseTransition>
at <ElTabPane>
at <ElTabs>
at <ElCard>
at <Index>
at <RouterView>
at <ElMain>
at <ElContainer>
at <ElContainer>
at <ErpLayout>
at <RouterView>
at <App> [Object, Object, Object, Object, Object, Object, Object, Object, Object, Object, Object, Object, Object, Object, Object, Object, Object, Object, Object, Object, Object, Object, Object, Object, Object, Object, Object, Object] @ http://localhost:5173/node_modules/.vite/deps/element-plus.js?v=4e630648:24297
[ 1237445ms] [WARNING] Property "staffOptions" was accessed during render but is not defined on instance. Proxy(Object) at <ElOptions>
at <ElScrollbar>
at <ElSelectDropdown>
at <ElFocusTrap>
at <ElPopperContent>
at <BaseTransition>
at <Transition>
at <Teleport>
at <ElTooltipContent>
at <ElPopper>
at <ElTooltip>
at <ElSelect>
at <ElFormItem>
at <ElForm>
at <BaseTransition>
at <Transition>
at <ElCollapseTransition>
at <ElTabPane>
at <ElTabs>
at <ElCard>
at <Index>
at <RouterView>
at <ElMain>
at <ElContainer>
at <ElContainer>
at <ErpLayout>
at <RouterView>
at <App> [Object, Object, Object, Object, Object, Object, Object, Object, Object, Object, Object, Object, Object, Object, Object, Object, Object, Object, Object, Object, Object, Object, Object, Object, Object, Object, Object, Object] @ http://localhost:5173/node_modules/.vite/deps/element-plus.js?v=4e630648:24297
[ 1237449ms] [WARNING] Property "staffOptions" was accessed during render but is not defined on instance. Proxy(Object) at <ElOptions>
at <ElScrollbar>
at <ElSelectDropdown>
at <ElFocusTrap>
at <ElPopperContent>
at <BaseTransition>
at <Transition>
at <Teleport>
at <ElTooltipContent>
at <ElPopper>
at <ElTooltip>
at <ElSelect>
at <ElFormItem>
at <ElForm>
at <BaseTransition>
at <Transition>
at <ElCollapseTransition>
at <ElTabPane>
at <ElTabs>
at <ElCard>
at <Index>
at <RouterView>
at <ElMain>
at <ElContainer>
at <ElContainer>
at <ErpLayout>
at <RouterView>
at <App> [Object, Object, Object, Object, Object, Object, Object, Object, Object, Object, Object, Object, Object, Object, Object, Object, Object, Object, Object, Object, Object, Object, Object, Object, Object, Object, Object, Object] @ http://localhost:5173/node_modules/.vite/deps/element-plus.js?v=4e630648:24297
[ 1237452ms] [WARNING] Property "staffOptions" was accessed during render but is not defined on instance. Proxy(Object) at <ElOptions>
at <ElScrollbar>
at <ElSelectDropdown>
at <ElFocusTrap>
at <ElPopperContent>
at <BaseTransition>
at <Transition>
at <Teleport>
at <ElTooltipContent>
at <ElPopper>
at <ElTooltip>
at <ElSelect>
at <ElFormItem>
at <ElForm>
at <BaseTransition>
at <Transition>
at <ElCollapseTransition>
at <ElTabPane>
at <ElTabs>
at <ElCard>
at <Index>
at <RouterView>
at <ElMain>
at <ElContainer>
at <ElContainer>
at <ErpLayout>
at <RouterView>
at <App> [Object, Object, Object, Object, Object, Object, Object, Object, Object, Object, Object, Object, Object, Object, Object, Object, Object, Object, Object, Object, Object, Object, Object, Object, Object, Object, Object, Object] @ http://localhost:5173/node_modules/.vite/deps/element-plus.js?v=4e630648:24297
[ 1237455ms] [WARNING] Property "staffOptions" was accessed during render but is not defined on instance. Proxy(Object) at <ElOptions>
at <ElScrollbar>
at <ElSelectDropdown>
at <ElFocusTrap>
at <ElPopperContent>
at <BaseTransition>
at <Transition>
at <Teleport>
at <ElTooltipContent>
at <ElPopper>
at <ElTooltip>
at <ElSelect>
at <ElFormItem>
at <ElForm>
at <BaseTransition>
at <Transition>
at <ElCollapseTransition>
at <ElTabPane>
at <ElTabs>
at <ElCard>
at <Index>
at <RouterView>
at <ElMain>
at <ElContainer>
at <ElContainer>
at <ErpLayout>
at <RouterView>
at <App> [Object, Object, Object, Object, Object, Object, Object, Object, Object, Object, Object, Object, Object, Object, Object, Object, Object, Object, Object, Object, Object, Object, Object, Object, Object, Object, Object, Object] @ http://localhost:5173/node_modules/.vite/deps/element-plus.js?v=4e630648:24297
[ 1259920ms] [ERROR] Failed to load resource: the server responded with a status of 401 (Unauthorized) @ http://localhost:5173/api/hr/dormitory/lodging-overview?year=2026&month=4&tj_date=2026-4&page=1&pageSize=20:0
[ 3855955ms] [LOG] [vite] server connection lost. Polling for restart... @ http://localhost:5173/@vite/client:963
[ 7202714ms] [ERROR] Failed to load resource: the server responded with a status of 401 (Unauthorized) @ http://localhost:5173/api/hr/dormitory/lodging-overview?year=2026&month=4&tj_date=2026-4&page=1&pageSize=20:0
