
> erp-test@1.1.2 dev
> vite


  [32m[1mVITE[22m v6.4.2[39m  [2mready in [0m[1m547[22m[2m[0m ms[22m

  [32m➜[39m  [1mLocal[22m:   [36mhttp://localhost:[1m5173[22m/[39m
  [32m➜[39m  [1mNetwork[22m: [36mhttp://192.168.1.19:[1m5173[22m/[39m
[2m11:39:33[22m [36m[1m[vite][22m[39m [32m.env changed, restarting server...[39m
[2m11:39:33[22m [36m[1m[vite][22m[39m [90m[2m(client)[22m[39m [32mhmr update [39m[2m/src/components/erp/ErpTableActions.vue, /src/views/inv/bom/index.vue[22m
[2m11:39:33[22m [36m[1m[vite][22m[39m [32m.env changed, restarting server...[39m
[2m11:39:33[22m [36m[1m[vite][22m[39m server restarted.
[2m11:56:14[22m [36m[1m[vite][22m[39m [90m[2m(client)[22m[39m [32mhmr update [39m[2m/src/views/inv/bom/index.vue[22m
[2m11:56:23[22m [36m[1m[vite][22m[39m [90m[2m(client)[22m[39m [32mhmr update [39m[2m/src/views/inv/bom/index.vue?vue&type=style&index=0&scoped=51392734&lang.css[22m
[2m11:57:18[22m [36m[1m[vite][22m[39m [90m[2m(client)[22m[39m [32mhmr update [39m[2m/src/views/inv/bom/index.vue?vue&type=style&index=1&lang.css[22m
[2m11:57:37[22m [36m[1m[vite][22m[39m [90m[2m(client)[22m[39m [32mhmr update [39m[2m/src/views/inv/bom/index.vue?vue&type=style&index=1&lang.css[22m
[2m11:57:50[22m [36m[1m[vite][22m[39m [90m[2m(client)[22m[39m [32mhmr update [39m[2m/src/views/inv/bom/index.vue?vue&type=style&index=1&lang.css[22m
[2m12:03:36[22m [36m[1m[vite][22m[39m [90m[2m(client)[22m[39m [32mpage reload [39m[2m.scratch/bom-print-build/index.html[22m
[2m12:03:38[22m [36m[1m[vite][22m[39m [90m[2m(client)[22m[39m [32mpage reload [39m[2m.scratch/bom-print-build/index.html[22m
[2m13:40:06[22m [36m[1m[vite][22m[39m [90m[2m(client)[22m[39m [32mhmr update [39m[2m/src/views/inv/bom/index.vue?vue&type=style&index=1&lang.css[22m
[2m13:40:43[22m [36m[1m[vite][22m[39m [90m[2m(client)[22m[39m [32mpage reload [39m[2m.scratch/bom-print-build/index.html[22m
[2m13:40:45[22m [36m[1m[vite][22m[39m [90m[2m(client)[22m[39m [32mpage reload [39m[2m.scratch/bom-print-build/index.html[22m
[2m13:44:17[22m [36m[1m[vite][22m[39m [90m[2m(client)[22m[39m [32mhmr update [39m[2m/src/views/inv/bom/index.vue[22m
[2m13:45:03[22m [36m[1m[vite][22m[39m [90m[2m(client)[22m[39m [32mpage reload [39m[2m.scratch/bom-print-build/index.html[22m
[2m13:45:05[22m [36m[1m[vite][22m[39m [90m[2m(client)[22m[39m [32mpage reload [39m[2m.scratch/bom-print-build/index.html[22m
[2m14:18:41[22m [36m[1m[vite][22m[39m [90m[2m(client)[22m[39m [32mhmr update [39m[2m/src/views/inv/bom/index.vue[22m
[2m14:19:47[22m [36m[1m[vite][22m[39m [90m[2m(client)[22m[39m [32mpage reload [39m[2m.scratch/bom-print-build/index.html[22m
[2m14:19:48[22m [36m[1m[vite][22m[39m [90m[2m(client)[22m[39m [32mpage reload [39m[2m.scratch/bom-print-build/index.html[22m
[2m14:28:16[22m [36m[1m[vite][22m[39m [90m[2m(client)[22m[39m [32mpage reload [39m[2m.scratch/bom-print-build/index.html[22m
[2m14:28:17[22m [36m[1m[vite][22m[39m [90m[2m(client)[22m[39m [32mpage reload [39m[2m.scratch/bom-print-build/index.html[22m
